[20:20:59] [main/INFO]: Loading Minecraft 1.21.11 with Fabric Loader 0.18.4
[20:20:59] [main/INFO]: Loading 42 mods:
	- fabric-api 0.141.3+1.21.11
	   |-- fabric-api-base 1.0.5+4ebb5c083e
	   |-- fabric-api-lookup-api-v1 1.6.114+20dc27073e
	   |-- fabric-biome-api-v1 17.1.1+4fc5413f3e
	   |-- fabric-block-api-v1 1.1.10+4ebb5c083e
	   |-- fabric-block-view-api-v2 1.0.39+4ebb5c083e
	   |-- fabric-command-api-v2 2.4.7+6b42a6003e
	   |-- fabric-content-registries-v0 10.2.14+4fc5413f3e
	   |-- fabric-convention-tags-v1 2.1.55+7f945d5b3e
	   |-- fabric-convention-tags-v2 2.17.3+8ef948ba3e
	   |-- fabric-crash-report-info-v1 0.3.23+4ebb5c083e
	   |-- fabric-data-attachment-api-v1 1.8.47+eed0806f3e
	   |-- fabric-data-generation-api-v1 23.4.0+69974c4e3e
	   |-- fabric-dimensions-v1 4.0.28+4fc5413f3e
	   |-- fabric-entity-events-v1 3.1.1+1d0ab4303e
	   |-- fabric-events-interaction-v0 4.1.0+3b89ecf63e
	   |-- fabric-game-rule-api-v1 2.0.3+4fc5413f3e
	   |-- fabric-item-api-v1 11.5.20+d0c46b9e3e
	   |-- fabric-item-group-api-v1 4.2.36+4fc5413f3e
	   |-- fabric-key-binding-api-v1 1.1.7+4fc5413f3e
	   |-- fabric-lifecycle-events-v1 2.6.15+4ebb5c083e
	   |-- fabric-loot-api-v2 3.0.73+3f89f5a53e
	   |-- fabric-loot-api-v3 2.0.20+78c8b4663e
	   |-- fabric-message-api-v1 6.1.12+4ebb5c083e
	   |-- fabric-model-loading-api-v1 6.0.15+4fc5413f3e
	   |-- fabric-networking-api-v1 5.1.5+ae1e07683e
	   |-- fabric-object-builder-api-v1 21.1.39+4fc5413f3e
	   |-- fabric-particles-v1 4.2.11+4fc5413f3e
	   |-- fabric-recipe-api-v1 8.2.3+4ebb5c083e
	   |-- fabric-registry-sync-v0 6.2.5+1718722b3e
	   |-- fabric-renderer-api-v1 8.0.3+f4ffd2e53e
	   |-- fabric-renderer-indigo 5.0.3+f4ffd2e53e
	   |-- fabric-rendering-fluids-v1 3.1.43+4ebb5c083e
	   |-- fabric-rendering-v1 16.2.10+0290ad933e
	   |-- fabric-resource-conditions-api-v1 5.0.35+4fc5413f3e
	   |-- fabric-resource-loader-v0 3.3.4+4fc5413f3e
	   |-- fabric-resource-loader-v1 1.0.10+78c8b4663e
	   |-- fabric-screen-api-v1 3.1.7+4ebb5c083e
	   |-- fabric-screen-handler-api-v1 1.3.161+4fc5413f3e
	   |-- fabric-serialization-api-v1 1.0.5+4ebb5c083e
	   |-- fabric-sound-api-v1 1.0.51+4fc5413f3e
	   |-- fabric-tag-api-v1 1.2.20+4fc5413f3e
	   |-- fabric-transfer-api-v1 6.0.25+4fc5413f3e
	   \-- fabric-transitive-access-wideners-v1 7.1.0+014c8cec3e
	- fabricloader 0.18.4
	   \-- mixinextras 0.5.0
	- java 21
	- minecraft 1.21.11
	- template-mod 1.0.0
[20:20:59] [main/INFO]: SpongePowered MIXIN Subsystem Version=0.8.7 Source=file:/Users/Natan/IdeaProjects/template-mod-template-1.21.11/server/libraries/net/fabricmc/sponge-mixin/0.17.0+mixin.0.8.7/sponge-mixin-0.17.0+mixin.0.8.7.jar Service=Knot/Fabric Env=SERVER
[20:20:59] [main/INFO]: Compatibility level set to JAVA_21
[20:20:59] [main/INFO]: Initializing MixinExtras via com.llamalad7.mixinextras.service.MixinExtrasServiceImpl(version=0.5.0).
[20:21:03] [main/INFO]: Hello Fabric world!
[20:21:03] [main/INFO]: Environment: Environment[sessionHost=https://sessionserver.mojang.com, servicesHost=https://api.minecraftservices.com, profilesHost=https://api.mojang.com, name=PROD]
[20:21:04] [main/INFO]: Loaded 1470 recipes
[20:21:04] [main/INFO]: Loaded 1584 advancements
[20:21:04] [main/INFO]: Applied 0 biome modifications to 0 of 65 new biomes in 806.8 μs
[20:21:06] [Server thread/INFO]: Starting minecraft server version 1.21.11
[20:21:06] [Server thread/INFO]: Loading properties
[20:21:06] [Server thread/INFO]: Default game type: SURVIVAL
[20:21:06] [Server thread/INFO]: Generating keypair
[20:21:06] [Server thread/INFO]: Starting Minecraft server on *:25565
[20:21:06] [Server thread/WARN]: **** SERVER IS RUNNING IN OFFLINE/INSECURE MODE!
[20:21:06] [Server thread/WARN]: The server will make no attempt to authenticate usernames. Beware.
[20:21:06] [Server thread/WARN]: While this makes the game possible to play without internet access, it also opens up the ability for hackers to connect with any username they choose.
[20:21:06] [Server thread/WARN]: To change this, set "online-mode" to "true" in the server.properties file.
[20:21:06] [Server thread/INFO]: Preparing level "world"
[20:21:06] [Server thread/INFO]: Loading 0 persistent chunks...
[20:21:06] [Server thread/INFO]: Time elapsed: 13 ms
[20:21:06] [Server thread/INFO]: Done (0.347s)! For help, type "help"
[20:21:17] [Server thread/INFO]: Player409[/127.0.0.1:50664] logged in with entity id 5 at (15.5, 95.0, 561.5)
[20:21:17] [Server thread/INFO]: Player409 joined the game
[20:21:53] [Server thread/INFO]: Player409 lost connection: Disconnected
[20:21:53] [Server thread/INFO]: Player409 left the game
[20:22:02] [Server thread/INFO]: Stopping server
[20:22:02] [Server thread/INFO]: Saving players
[20:22:02] [Server thread/INFO]: Saving worlds
[20:22:02] [Server thread/INFO]: Saving chunks for level 'ServerLevel[world]'/minecraft:overworld
[20:22:02] [Server thread/INFO]: Saving chunks for level 'ServerLevel[world]'/minecraft:the_nether
[20:22:02] [Server thread/INFO]: Saving chunks for level 'ServerLevel[world]'/minecraft:the_end
[20:22:02] [Server thread/INFO]: ThreadedAnvilChunkStorage (world): All chunks are saved
[20:22:02] [Server thread/INFO]: ThreadedAnvilChunkStorage (DIM-1): All chunks are saved
[20:22:02] [Server thread/INFO]: ThreadedAnvilChunkStorage (DIM1): All chunks are saved
[20:22:02] [Server thread/INFO]: ThreadedAnvilChunkStorage: All dimensions are saved
